SF:/var/git/others/StrykerDemo/src/StrykerDemo.Code/Icms.cs
FN:12,System.Decimal StrykerDemo.Code.Icms::Calcular(System.Collections.Generic.IReadOnlyCollection`1<StrykerDemo.Code.Produtos>)
FNDA:3,System.Decimal StrykerDemo.Code.Icms::Calcular(System.Collections.Generic.IReadOnlyCollection`1<StrykerDemo.Code.Produtos>)
DA:13,3
DA:14,3
DA:15,41
DA:16,16
DA:17,16
DA:18,16
DA:20,3
DA:21,1
DA:23,3
DA:24,1
DA:26,3
DA:27,3
BRDA:15,47,1,16
BRDA:15,47,0,3
BRDA:20,77,0,1
BRDA:20,77,1,3
BRDA:23,106,0,1
BRDA:23,106,1,3
FN:7,System.Void StrykerDemo.Code.Icms::.ctor()
FNDA:3,System.Void StrykerDemo.Code.Icms::.ctor()
DA:8,3
DA:9,3
DA:10,3
LF:15
LH:15
BRF:6
BRH:6
FNF:2
FNH:2
end_of_record
SF:/var/git/others/StrykerDemo/src/StrykerDemo.Code/Produtos.cs
FN:4,System.Int32 StrykerDemo.Code.Produtos::get_Codigo()
FNDA:0,System.Int32 StrykerDemo.Code.Produtos::get_Codigo()
DA:5,0
FN:5,System.String StrykerDemo.Code.Produtos::get_Nome()
FNDA:0,System.String StrykerDemo.Code.Produtos::get_Nome()
DA:6,0
FN:6,System.Decimal StrykerDemo.Code.Produtos::get_Valor()
FNDA:32,System.Decimal StrykerDemo.Code.Produtos::get_Valor()
DA:7,32
FN:8,System.Void StrykerDemo.Code.Produtos::.ctor(System.Int32,System.String,System.Decimal)
FNDA:16,System.Void StrykerDemo.Code.Produtos::.ctor(System.Int32,System.String,System.Decimal)
DA:9,16
DA:10,16
DA:11,16
DA:12,16
DA:13,16
DA:14,16
LF:9
LH:7
BRF:0
BRH:0
FNF:4
FNH:2
end_of_record